mode: set
uccps_docs.domain/controllers/document_controller.go:63.100,75.16 6 0
uccps_docs.domain/controllers/document_controller.go:87.2,93.16 3 0
uccps_docs.domain/controllers/document_controller.go:123.2,123.66 1 0
uccps_docs.domain/controllers/document_controller.go:128.2,128.27 1 0
uccps_docs.domain/controllers/document_controller.go:75.16,78.29 1 0
uccps_docs.domain/controllers/document_controller.go:83.3,83.28 1 0
uccps_docs.domain/controllers/document_controller.go:78.29,80.4 1 0
uccps_docs.domain/controllers/document_controller.go:93.16,95.29 1 0
uccps_docs.domain/controllers/document_controller.go:95.29,98.68 1 0
uccps_docs.domain/controllers/document_controller.go:104.4,104.62 1 0
uccps_docs.domain/controllers/document_controller.go:110.4,110.60 1 0
uccps_docs.domain/controllers/document_controller.go:116.4,116.29 1 0
uccps_docs.domain/controllers/document_controller.go:98.68,101.5 1 0
uccps_docs.domain/controllers/document_controller.go:104.62,107.5 1 0
uccps_docs.domain/controllers/document_controller.go:110.60,113.5 1 0
uccps_docs.domain/controllers/document_controller.go:117.9,120.4 1 0
uccps_docs.domain/controllers/document_controller.go:123.66,126.3 1 0
uccps_docs.domain/controllers/document_controller.go:132.71,136.2 1 0
uccps_docs.domain/controllers/document_controller.go:138.109,182.88 4 0
uccps_docs.domain/controllers/document_controller.go:187.2,187.44 1 0
uccps_docs.domain/controllers/document_controller.go:190.2,190.12 1 0
uccps_docs.domain/controllers/document_controller.go:182.88,184.3 1 0
uccps_docs.domain/controllers/document_controller.go:187.44,189.3 1 0
uccps_docs.domain/controllers/document_controller.go:193.109,237.88 4 0
uccps_docs.domain/controllers/document_controller.go:245.2,245.12 1 0
uccps_docs.domain/controllers/document_controller.go:237.88,239.3 1 0
uccps_docs.domain/controllers/document_controller.go:248.116,255.16 3 0
uccps_docs.domain/controllers/document_controller.go:260.2,260.29 1 0
uccps_docs.domain/controllers/document_controller.go:264.2,283.87 2 0
uccps_docs.domain/controllers/document_controller.go:288.2,288.43 1 0
uccps_docs.domain/controllers/document_controller.go:291.2,291.12 1 0
uccps_docs.domain/controllers/document_controller.go:255.16,257.3 1 0
uccps_docs.domain/controllers/document_controller.go:260.29,262.3 1 0
uccps_docs.domain/controllers/document_controller.go:283.87,285.3 1 0
uccps_docs.domain/controllers/document_controller.go:288.43,290.3 1 0
uccps_docs.domain/controllers/document_controller.go:295.114,302.16 3 0
uccps_docs.domain/controllers/document_controller.go:307.2,307.29 1 0
uccps_docs.domain/controllers/document_controller.go:311.2,336.87 4 0
uccps_docs.domain/controllers/document_controller.go:341.2,341.43 1 0
uccps_docs.domain/controllers/document_controller.go:344.2,344.12 1 0
uccps_docs.domain/controllers/document_controller.go:302.16,304.3 1 0
uccps_docs.domain/controllers/document_controller.go:307.29,309.3 1 0
uccps_docs.domain/controllers/document_controller.go:336.87,338.3 1 0
uccps_docs.domain/controllers/document_controller.go:341.43,343.3 1 0
