mode: set
uccps_docs.domain/controllers/document_controller.go:57.100,69.16 6 0
uccps_docs.domain/controllers/document_controller.go:81.2,87.16 3 0
uccps_docs.domain/controllers/document_controller.go:118.2,118.66 1 0
uccps_docs.domain/controllers/document_controller.go:123.2,123.27 1 0
uccps_docs.domain/controllers/document_controller.go:69.16,72.29 1 0
uccps_docs.domain/controllers/document_controller.go:77.3,77.28 1 0
uccps_docs.domain/controllers/document_controller.go:72.29,74.4 1 0
uccps_docs.domain/controllers/document_controller.go:87.16,89.29 1 0
uccps_docs.domain/controllers/document_controller.go:89.29,92.62 1 0
uccps_docs.domain/controllers/document_controller.go:98.4,98.68 1 0
uccps_docs.domain/controllers/document_controller.go:104.4,104.29 1 0
uccps_docs.domain/controllers/document_controller.go:92.62,95.5 1 0
uccps_docs.domain/controllers/document_controller.go:98.68,101.5 1 0
uccps_docs.domain/controllers/document_controller.go:105.9,108.4 1 0
uccps_docs.domain/controllers/document_controller.go:118.66,121.3 1 0
uccps_docs.domain/controllers/document_controller.go:127.71,131.2 1 0
uccps_docs.domain/controllers/document_controller.go:133.109,177.88 4 0
uccps_docs.domain/controllers/document_controller.go:182.2,182.44 1 0
uccps_docs.domain/controllers/document_controller.go:185.2,185.12 1 0
uccps_docs.domain/controllers/document_controller.go:177.88,179.3 1 0
uccps_docs.domain/controllers/document_controller.go:182.44,184.3 1 0
uccps_docs.domain/controllers/document_controller.go:188.109,232.88 4 0
uccps_docs.domain/controllers/document_controller.go:237.2,237.44 1 0
uccps_docs.domain/controllers/document_controller.go:240.2,240.12 1 0
uccps_docs.domain/controllers/document_controller.go:232.88,234.3 1 0
uccps_docs.domain/controllers/document_controller.go:237.44,239.3 1 0
uccps_docs.domain/controllers/document_controller.go:243.116,250.16 3 0
uccps_docs.domain/controllers/document_controller.go:255.2,255.29 1 0
uccps_docs.domain/controllers/document_controller.go:259.2,278.87 2 0
uccps_docs.domain/controllers/document_controller.go:283.2,283.43 1 0
uccps_docs.domain/controllers/document_controller.go:286.2,286.12 1 0
uccps_docs.domain/controllers/document_controller.go:250.16,252.3 1 0
uccps_docs.domain/controllers/document_controller.go:255.29,257.3 1 0
uccps_docs.domain/controllers/document_controller.go:278.87,280.3 1 0
uccps_docs.domain/controllers/document_controller.go:283.43,285.3 1 0
